<?xml version="1.0" encoding="UTF-8"?>
<!-- Generated by org.testng.reporters.JUnitReportReporter -->
<testsuite skipped="0" hostname="SaleJul" name="tests.BaseClass" tests="1" failures="0" timestamp="2020-02-04T23:58:05 CET" time="0.039" errors="0">
  <testcase name="sampleTest" time="0.039" classname="tests.BaseClass"/>
  <system-out/>
</testsuite> <!-- tests.BaseClass -->
