<?xml version="1.0" encoding="UTF-8"?>
<!-- Generated by org.testng.reporters.JUnitReportReporter -->
<testsuite skipped="0" hostname="SaleJul" name="pages.MozzartPositiveTest" tests="1" failures="0" timestamp="2020-02-05T13:36:27 CET" time="49.075" errors="0">
  <testcase name="positiveTest" time="49.075" classname="pages.MozzartPositiveTest"/>
  <system-out/>
</testsuite> <!-- pages.MozzartPositiveTest -->
